0 info it worked if it ends with ok
1 verbose cli [ '/usr/local/Cellar/node/7.3.0/bin/node',
1 verbose cli   '/usr/local/bin/npm',
1 verbose cli   'run',
1 verbose cli   'lint' ]
2 info using npm@4.1.1
3 info using node@v7.3.0
4 verbose run-script [ 'prelint', 'lint', 'postlint' ]
5 info lifecycle react-native-wheel-picker-android@0.1.4~prelint: react-native-wheel-picker-android@0.1.4
6 silly lifecycle react-native-wheel-picker-android@0.1.4~prelint: no script for prelint, continuing
7 info lifecycle react-native-wheel-picker-android@0.1.4~lint: react-native-wheel-picker-android@0.1.4
8 verbose lifecycle react-native-wheel-picker-android@0.1.4~lint: unsafe-perm in lifecycle true
9 verbose lifecycle react-native-wheel-picker-android@0.1.4~lint: PATH: /usr/local/lib/node_modules/npm/bin/node-gyp-bin:/Users/Eleken./ReactNativeWheelPicker/node_modules/.bin:/Users/Eleken./Library/Android/sdk/tools:/Users/Eleken./Library/Android/sdk/platform-tools:/usr/local/bin:/usr/bin:/bin:/usr/sbin:/sbin
10 verbose lifecycle react-native-wheel-picker-android@0.1.4~lint: CWD: /Users/Eleken./ReactNativeWheelPicker
11 silly lifecycle react-native-wheel-picker-android@0.1.4~lint: Args: [ '-c', 'eslint .' ]
12 silly lifecycle react-native-wheel-picker-android@0.1.4~lint: Returned: code: 1  signal: null
13 info lifecycle react-native-wheel-picker-android@0.1.4~lint: Failed to exec lint script
14 verbose stack Error: react-native-wheel-picker-android@0.1.4 lint: `eslint .`
14 verbose stack Exit status 1
14 verbose stack     at EventEmitter.<anonymous> (/usr/local/lib/node_modules/npm/lib/utils/lifecycle.js:279:16)
14 verbose stack     at emitTwo (events.js:106:13)
14 verbose stack     at EventEmitter.emit (events.js:191:7)
14 verbose stack     at ChildProcess.<anonymous> (/usr/local/lib/node_modules/npm/lib/utils/spawn.js:40:14)
14 verbose stack     at emitTwo (events.js:106:13)
14 verbose stack     at ChildProcess.emit (events.js:191:7)
14 verbose stack     at maybeClose (internal/child_process.js:885:16)
14 verbose stack     at Process.ChildProcess._handle.onexit (internal/child_process.js:226:5)
15 verbose pkgid react-native-wheel-picker-android@0.1.4
16 verbose cwd /Users/Eleken./ReactNativeWheelPicker
17 error Darwin 15.6.0
18 error argv "/usr/local/Cellar/node/7.3.0/bin/node" "/usr/local/bin/npm" "run" "lint"
19 error node v7.3.0
20 error npm  v4.1.1
21 error code ELIFECYCLE
22 error react-native-wheel-picker-android@0.1.4 lint: `eslint .`
22 error Exit status 1
23 error Failed at the react-native-wheel-picker-android@0.1.4 lint script 'eslint .'.
23 error Make sure you have the latest version of node.js and npm installed.
23 error If you do, this is most likely a problem with the react-native-wheel-picker-android package,
23 error not with npm itself.
23 error Tell the author that this fails on your system:
23 error     eslint .
23 error You can get information on how to open an issue for this project with:
23 error     npm bugs react-native-wheel-picker-android
23 error Or if that isn't available, you can get their info via:
23 error     npm owner ls react-native-wheel-picker-android
23 error There is likely additional logging output above.
24 verbose exit [ 1, true ]
